<?xml version="1.0" encoding="UTF-8" ?>
<testsuite failures="0" time="0" errors="0" skipped="0" tests="39" name="br.com.ufpb.dce.poo.projeto.farmacia.FarmaciaTest">
  <properties>
[...]
</properties>
  <testcase time="0" classname="br.com.ufpb.dce.poo.projeto.farmacia.FarmaciaTest" name="verificaSeAFarmaciaFoiCriada"/>
  <testcase time="0" classname="br.com.ufpb.dce.poo.projeto.farmacia.FarmaciaTest" name="cadastraDoisProdutos"/>
  <testcase time="0" classname="br.com.ufpb.dce.poo.projeto.farmacia.FarmaciaTest" name="pesquisarProdutoPeloNomeTest"/>
  <testcase time="0" classname="br.com.ufpb.dce.poo.projeto.farmacia.FarmaciaTest" name="cadastrarProdutoSemNomeTest2"/>
  <testcase time="0" classname="br.com.ufpb.dce.poo.projeto.farmacia.FarmaciaTest" name="alterarNomeTest2"/>
  <testcase time="0" classname="br.com.ufpb.dce.poo.projeto.farmacia.FarmaciaTest" name="cadastraUmProduto"/>
  <testcase time="0" classname="br.com.ufpb.dce.poo.projeto.farmacia.FarmaciaTest" name="alterarPrecoTest"/>
  <testcase time="0" classname="br.com.ufpb.dce.poo.projeto.farmacia.FarmaciaTest" name="pesquisarClienteJuridicoTest"/>
  <testcase time="0" classname="br.com.ufpb.dce.poo.projeto.farmacia.FarmaciaTest" name="removeClienteTest"/>
  <testcase time="0" classname="br.com.ufpb.dce.poo.projeto.farmacia.FarmaciaTest" name="buscarProdutosPeloPrecoTest"/>
  <testcase time="0" classname="br.com.ufpb.dce.poo.projeto.farmacia.FarmaciaTest" name="alterarPrecoTest2"/>
  <testcase time="0" classname="br.com.ufpb.dce.poo.projeto.farmacia.FarmaciaTest" name="cadastrarProdutoSemNomeTest"/>
  <testcase time="0" classname="br.com.ufpb.dce.poo.projeto.farmacia.FarmaciaTest" name="alterarProdutoTest"/>
  <testcase time="0" classname="br.com.ufpb.dce.poo.projeto.farmacia.FarmaciaTest" name="cadastrarClienteFisicoTest"/>
  <testcase time="0" classname="br.com.ufpb.dce.poo.projeto.farmacia.FarmaciaTest" name="pesquisarClienteFisicoTest"/>
  <testcase time="0" classname="br.com.ufpb.dce.poo.projeto.farmacia.FarmaciaTest" name="buscarProdutosPeloPrecoTest2"/>
  <testcase time="0" classname="br.com.ufpb.dce.poo.projeto.farmacia.FarmaciaTest" name="pesquisaClienteTest"/>
  <testcase time="0" classname="br.com.ufpb.dce.poo.projeto.farmacia.FarmaciaTest" name="cadastrarClienteJuridicoTest"/>
  <testcase time="0" classname="br.com.ufpb.dce.poo.projeto.farmacia.FarmaciaTest" name="removeClienteInexistenteTest"/>
  <testcase time="0" classname="br.com.ufpb.dce.poo.projeto.farmacia.FarmaciaTest" name="removeClienteTest2"/>
  <testcase time="0" classname="br.com.ufpb.dce.poo.projeto.farmacia.FarmaciaTest" name="alterarNomeTest"/>
  <testcase time="0" classname="br.com.ufpb.dce.poo.projeto.farmacia.FarmaciaTest" name="verificaSeEstaVazia"/>
  <testcase time="0" classname="br.com.ufpb.dce.poo.projeto.farmacia.FarmaciaTest" name="verificaSeUmProdutoFoiRemovidoTest"/>
  <testcase time="0" classname="br.com.ufpb.dce.poo.projeto.farmacia.FarmaciaTest" name="cadastrarUmProdutoQueJaExiste"/>
  <testcase time="0" classname="br.com.ufpb.dce.poo.projeto.farmacia.FarmaciaTest" name="removerProdutoInexistenteTest"/>
  <testcase time="0" classname="br.com.ufpb.dce.poo.projeto.farmacia.FarmaciaTest" name="cadastrarProdutoComNomeJaExistente"/>
  <testcase time="0" classname="br.com.ufpb.dce.poo.projeto.farmacia.FarmaciaTest" name="pesquisarProdutoInexistentePeloCodigoTest"/>
  <testcase time="0" classname="br.com.ufpb.dce.poo.projeto.farmacia.FarmaciaTest" name="pesquisarProdutoInexistenteTest"/>
  <testcase time="0" classname="br.com.ufpb.dce.poo.projeto.farmacia.FarmaciaTest" name="verificaQuantidadeEmEstoqueTest"/>
  <testcase time="0" classname="br.com.ufpb.dce.poo.projeto.farmacia.FarmaciaTest" name="adicionarQuantidadeDeUmProdutoNoEstoqueTest"/>
  <testcase time="0" classname="br.com.ufpb.dce.poo.projeto.farmacia.FarmaciaTest" name="pesquisarProdutoInexistentePeloNomeTest"/>
  <testcase time="0" classname="br.com.ufpb.dce.poo.projeto.farmacia.FarmaciaTest" name="cadastraProdutoQuantidadeNegativaTest"/>
  <testcase time="0" classname="br.com.ufpb.dce.poo.projeto.farmacia.FarmaciaTest" name="cadastraClienteFisicoComMesmoIdTest"/>
  <testcase time="0" classname="br.com.ufpb.dce.poo.projeto.farmacia.FarmaciaTest" name="pesquisarClienteNaoCadastradoTest"/>
  <testcase time="0" classname="br.com.ufpb.dce.poo.projeto.farmacia.FarmaciaTest" name="cadastraProdutoComPrecoNegativo"/>
  <testcase time="0" classname="br.com.ufpb.dce.poo.projeto.farmacia.FarmaciaTest" name="verificaSeUmProdutoFoiCadastrato"/>
  <testcase time="0" classname="br.com.ufpb.dce.poo.projeto.farmacia.FarmaciaTest" name="cadastraProdutoComPrecoIgualAZero"/>
  <testcase time="0" classname="br.com.ufpb.dce.poo.projeto.farmacia.FarmaciaTest" name="cadastraClienteJuridicoComMesmoIdTest"/>
  <testcase time="0" classname="br.com.ufpb.dce.poo.projeto.farmacia.FarmaciaTest" name="pesquisarProdutoPeloCodigoTest"/>
</testsuite>